<?xml version="1.0" encoding="UTF-8"?>
<testsuites name="Login - Data Driven Test" time="110.181" tests="3" failures="0" errors="0">
   <testsuite name="Login - Data Driven Test" tests="3" failures="0" errors="0" time="110.181" skipped="0" timestamp="2021-08-31 00:22:32" hostname="admin - DESKTOP-53OG93O" id="Test Suites/Data Driven Testing/Login - Data Driven Test">
      <properties>
         <property name="deviceName" value=""/>
         <property name="devicePlatform" value=""/>
         <property name="logFolder" value="C:\\Users\\admin\\git\\Renter-Dashboard-Reskin\\Reports\\20210831_002217\\Data Driven Testing\\Login - Data Driven Test\\20210831_002217"/>
         <property name="logFiles" value="C:\\Users\\admin\\git\\Renter-Dashboard-Reskin\\Reports\\20210831_002217\\Data Driven Testing\\Login - Data Driven Test\\20210831_002217\\execution0.log"/>
         <property name="attachments" value=""/>
         <property name="hostName" value="admin - DESKTOP-53OG93O"/>
         <property name="os" value="Windows 10 64bit"/>
         <property name="katalonVersion" value="8.1.0.208"/>
         <property name="browser" value="Chrome 92.0.4515.159"/>
         <property name="hostAddress" value="192.168.1.6"/>
         <property name="sessionId" value="963b0b54744bd3b43da47adc7e3076b6"/>
         <property name="seleniumVersion" value="3.141.59"/>
         <property name="proxyInformation" value="ProxyInformation { proxyOption=NO_PROXY, proxyServerType=HTTP, username=, password=********, proxyServerAddress=, proxyServerPort=0, executionList=&quot;&quot;, isApplyToDesiredCapabilities=true }"/>
         <property name="platform" value="Windows 10"/>
      </properties>
      <testcase name="Test Cases/Login/login_renterdash" time="39.743" classname="Test Cases/Login/login_renterdash" status="PASSED">
         <system-out><![CDATA[2021-08-31 00:22:33 - [TEST_CASE][PASSED] - Test Cases/Login/login_renterdash: Test Cases/Login/login_renterdash

2021-08-31 00:22:34 - [TEST_STEP][PASSED] - openBrowser(""): Browser is opened with url: ''

2021-08-31 00:22:35 - [MESSAGE][INFO] - Starting 'Chrome' driver

2021-08-31 00:22:35 - [MESSAGE][INFO] - Action delay is set to 0 milliseconds

2021-08-31 00:22:39 - [MESSAGE][PASSED] - Browser is opened with url: ''

2021-08-31 00:22:39 - [TEST_STEP][PASSED] - navigateToUrl(URL): Navigate to 'https://renterdashboard.jam.cerberuslink.net/login' successfully

2021-08-31 00:22:45 - [MESSAGE][PASSED] - Navigate to 'https://renterdashboard.jam.cerberuslink.net/login' successfully

2021-08-31 00:22:45 - [TEST_STEP][PASSED] - setText(findTestObject("Object Repository/Login_TestObjects/Page_Poplar Homes/input__email"), email): Text 'jerrold+herthacohn322@poplarhomes.com' is set on object 'Object Repository/Login_TestObjects/Page_Poplar Homes/input__email'

2021-08-31 00:22:54 - [MESSAGE][PASSED] - Text 'jerrold+herthacohn322@poplarhomes.com' is set on object 'Object Repository/Login_TestObjects/Page_Poplar Homes/input__email'

2021-08-31 00:22:54 - [TEST_STEP][PASSED] - setText(findTestObject("Object Repository/Login_TestObjects/Page_Poplar Homes/input__password"), password): Text 'lov32test' is set on object 'Object Repository/Login_TestObjects/Page_Poplar Homes/input__password'

2021-08-31 00:22:55 - [MESSAGE][PASSED] - Text 'lov32test' is set on object 'Object Repository/Login_TestObjects/Page_Poplar Homes/input__password'

2021-08-31 00:22:55 - [TEST_STEP][PASSED] - click(findTestObject("Object Repository/Login_TestObjects/Page_Poplar Homes/button_Log in")): Object: 'Object Repository/Login_TestObjects/Page_Poplar Homes/button_Log in' is clicked on

2021-08-31 00:22:56 - [MESSAGE][PASSED] - Object: 'Object Repository/Login_TestObjects/Page_Poplar Homes/button_Log in' is clicked on

2021-08-31 00:22:56 - [TEST_STEP][PASSED] - delay(10, STOP_ON_FAILURE): Delayed 10 second(s)

2021-08-31 00:23:06 - [MESSAGE][PASSED] - Delayed 10 second(s)

2021-08-31 00:23:06 - [TEST_STEP][PASSED] - waitForElementVisible(findTestObject("Login_TestObjects/Page_Poplar Homes/div_General DetailsCompleted"), 10, STOP_ON_FAILURE): Object 'Object Repository/Login_TestObjects/Page_Poplar Homes/div_General DetailsCompleted' is visible

2021-08-31 00:23:12 - [MESSAGE][PASSED] - Object 'Object Repository/Login_TestObjects/Page_Poplar Homes/div_General DetailsCompleted' is visible]]></system-out>
         <system-err><![CDATA[]]></system-err>
      </testcase>
      <testcase name="Test Cases/Login/login_renterdash" time="33.301" classname="Test Cases/Login/login_renterdash" status="PASSED">
         <system-out><![CDATA[2021-08-31 00:23:13 - [TEST_CASE][PASSED] - Test Cases/Login/login_renterdash: Test Cases/Login/login_renterdash

2021-08-31 00:23:13 - [TEST_STEP][PASSED] - openBrowser(""): Browser is opened with url: ''

2021-08-31 00:23:13 - [MESSAGE][WARNING] - A browser is already opened. Closing browser and opening a new one

2021-08-31 00:23:14 - [MESSAGE][INFO] - Starting 'Chrome' driver

2021-08-31 00:23:14 - [MESSAGE][INFO] - Action delay is set to 0 milliseconds

2021-08-31 00:23:15 - [MESSAGE][PASSED] - Browser is opened with url: ''

2021-08-31 00:23:15 - [TEST_STEP][PASSED] - navigateToUrl(URL): Navigate to 'https://renterdashboard.jam.cerberuslink.net/login' successfully

2021-08-31 00:23:19 - [MESSAGE][PASSED] - Navigate to 'https://renterdashboard.jam.cerberuslink.net/login' successfully

2021-08-31 00:23:19 - [TEST_STEP][PASSED] - setText(findTestObject("Object Repository/Login_TestObjects/Page_Poplar Homes/input__email"), email): Text 'jerrold+emartin322332@onerent.co' is set on object 'Object Repository/Login_TestObjects/Page_Poplar Homes/input__email'

2021-08-31 00:23:29 - [MESSAGE][PASSED] - Text 'jerrold+emartin322332@onerent.co' is set on object 'Object Repository/Login_TestObjects/Page_Poplar Homes/input__email'

2021-08-31 00:23:29 - [TEST_STEP][PASSED] - setText(findTestObject("Object Repository/Login_TestObjects/Page_Poplar Homes/input__password"), password): Text 'lov32test' is set on object 'Object Repository/Login_TestObjects/Page_Poplar Homes/input__password'

2021-08-31 00:23:30 - [MESSAGE][PASSED] - Text 'lov32test' is set on object 'Object Repository/Login_TestObjects/Page_Poplar Homes/input__password'

2021-08-31 00:23:30 - [TEST_STEP][PASSED] - click(findTestObject("Object Repository/Login_TestObjects/Page_Poplar Homes/button_Log in")): Object: 'Object Repository/Login_TestObjects/Page_Poplar Homes/button_Log in' is clicked on

2021-08-31 00:23:31 - [MESSAGE][PASSED] - Object: 'Object Repository/Login_TestObjects/Page_Poplar Homes/button_Log in' is clicked on

2021-08-31 00:23:31 - [TEST_STEP][PASSED] - delay(10, STOP_ON_FAILURE): Delayed 10 second(s)

2021-08-31 00:23:41 - [MESSAGE][PASSED] - Delayed 10 second(s)

2021-08-31 00:23:41 - [TEST_STEP][PASSED] - waitForElementVisible(findTestObject("Login_TestObjects/Page_Poplar Homes/div_General DetailsCompleted"), 10, STOP_ON_FAILURE): Object 'Object Repository/Login_TestObjects/Page_Poplar Homes/div_General DetailsCompleted' is visible

2021-08-31 00:23:46 - [MESSAGE][PASSED] - Object 'Object Repository/Login_TestObjects/Page_Poplar Homes/div_General DetailsCompleted' is visible]]></system-out>
         <system-err><![CDATA[]]></system-err>
      </testcase>
      <testcase name="Test Cases/Login/login_renterdash" time="34.278" classname="Test Cases/Login/login_renterdash" status="PASSED">
         <system-out><![CDATA[2021-08-31 00:23:46 - [TEST_CASE][PASSED] - Test Cases/Login/login_renterdash: Test Cases/Login/login_renterdash

2021-08-31 00:23:46 - [TEST_STEP][PASSED] - openBrowser(""): Browser is opened with url: ''

2021-08-31 00:23:46 - [MESSAGE][WARNING] - A browser is already opened. Closing browser and opening a new one

2021-08-31 00:23:47 - [MESSAGE][INFO] - Starting 'Chrome' driver

2021-08-31 00:23:47 - [MESSAGE][INFO] - Action delay is set to 0 milliseconds

2021-08-31 00:23:48 - [MESSAGE][PASSED] - Browser is opened with url: ''

2021-08-31 00:23:48 - [TEST_STEP][PASSED] - navigateToUrl(URL): Navigate to 'https://renterdashboard.jam.cerberuslink.net/login' successfully

2021-08-31 00:23:54 - [MESSAGE][PASSED] - Navigate to 'https://renterdashboard.jam.cerberuslink.net/login' successfully

2021-08-31 00:23:54 - [TEST_STEP][PASSED] - setText(findTestObject("Object Repository/Login_TestObjects/Page_Poplar Homes/input__email"), email): Text 'jerrold+rmatney3222@onerent.co' is set on object 'Object Repository/Login_TestObjects/Page_Poplar Homes/input__email'

2021-08-31 00:24:03 - [MESSAGE][PASSED] - Text 'jerrold+rmatney3222@onerent.co' is set on object 'Object Repository/Login_TestObjects/Page_Poplar Homes/input__email'

2021-08-31 00:24:03 - [TEST_STEP][PASSED] - setText(findTestObject("Object Repository/Login_TestObjects/Page_Poplar Homes/input__password"), password): Text 'lov32test' is set on object 'Object Repository/Login_TestObjects/Page_Poplar Homes/input__password'

2021-08-31 00:24:04 - [MESSAGE][PASSED] - Text 'lov32test' is set on object 'Object Repository/Login_TestObjects/Page_Poplar Homes/input__password'

2021-08-31 00:24:04 - [TEST_STEP][PASSED] - click(findTestObject("Object Repository/Login_TestObjects/Page_Poplar Homes/button_Log in")): Object: 'Object Repository/Login_TestObjects/Page_Poplar Homes/button_Log in' is clicked on

2021-08-31 00:24:05 - [MESSAGE][PASSED] - Object: 'Object Repository/Login_TestObjects/Page_Poplar Homes/button_Log in' is clicked on

2021-08-31 00:24:05 - [TEST_STEP][PASSED] - delay(10, STOP_ON_FAILURE): Delayed 10 second(s)

2021-08-31 00:24:15 - [MESSAGE][PASSED] - Delayed 10 second(s)

2021-08-31 00:24:15 - [TEST_STEP][PASSED] - waitForElementVisible(findTestObject("Login_TestObjects/Page_Poplar Homes/div_General DetailsCompleted"), 10, STOP_ON_FAILURE): Object 'Object Repository/Login_TestObjects/Page_Poplar Homes/div_General DetailsCompleted' is visible

2021-08-31 00:24:20 - [MESSAGE][PASSED] - Object 'Object Repository/Login_TestObjects/Page_Poplar Homes/div_General DetailsCompleted' is visible]]></system-out>
         <system-err><![CDATA[]]></system-err>
      </testcase>
      <system-out><![CDATA[2021-08-31 00:22:32 - [TEST_SUITE][PASSED] - Login - Data Driven Test: Test Cases/Login/login_renterdash]]></system-out>
      <system-err><![CDATA[]]></system-err>
   </testsuite>
</testsuites>
