<?xml version="1.0" encoding="UTF-8"?>
<testsuites name="Add Member - Data Driven Test" time="98.645" tests="2" failures="0" errors="0">
   <testsuite name="Add Member - Data Driven Test" tests="2" failures="0" errors="0" time="98.645" skipped="0" timestamp="2021-08-31 18:03:03" hostname="admin - DESKTOP-53OG93O" id="Test Suites/Data Driven Testing/Add Member - Data Driven Test">
      <properties>
         <property name="deviceName" value=""/>
         <property name="devicePlatform" value=""/>
         <property name="logFolder" value="C:\\Users\\admin\\git\\Renter-Dashboard-Reskin\\Reports\\20210831_180210\\Data Driven Testing\\Add Member - Data Driven Test\\20210831_180210"/>
         <property name="logFiles" value="C:\\Users\\admin\\git\\Renter-Dashboard-Reskin\\Reports\\20210831_180210\\Data Driven Testing\\Add Member - Data Driven Test\\20210831_180210\\execution0.log"/>
         <property name="attachments" value=""/>
         <property name="hostName" value="admin - DESKTOP-53OG93O"/>
         <property name="os" value="Windows 10 64bit"/>
         <property name="katalonVersion" value="8.1.0.208"/>
         <property name="browser" value="Chrome 92.0.4515.159"/>
         <property name="hostAddress" value="192.168.1.6"/>
         <property name="sessionId" value="f05b72a43cd2b585641dfcca0e16ffbe"/>
         <property name="seleniumVersion" value="3.141.59"/>
         <property name="proxyInformation" value="ProxyInformation { proxyOption=NO_PROXY, proxyServerType=HTTP, username=, password=********, proxyServerAddress=, proxyServerPort=0, executionList=&quot;&quot;, isApplyToDesiredCapabilities=true }"/>
         <property name="platform" value="Windows 10"/>
      </properties>
      <testcase name="Test Cases/Login/TC01 - login_renterdash" time="39.582" classname="Test Cases/Login/TC01 - login_renterdash" status="PASSED">
         <system-out><![CDATA[2021-08-31 18:03:04 - [TEST_CASE][PASSED] - Test Cases/Login/TC01 - login_renterdash: Test Cases/Login/TC01 - login_renterdash

2021-08-31 18:03:05 - [TEST_STEP][PASSED] - Start listener action : sampleBeforeTestCase: null

2021-08-31 18:03:05 - [TEST_STEP][PASSED] - println(testCaseContext.getTestCaseId()): null

2021-08-31 18:03:05 - [TEST_STEP][PASSED] - println(testCaseContext.getTestCaseVariables()): null

2021-08-31 18:03:06 - [TEST_STEP][PASSED] - openBrowser(""): Browser is opened with url: ''

2021-08-31 18:03:06 - [MESSAGE][INFO] - Starting 'Chrome' driver

2021-08-31 18:03:06 - [MESSAGE][INFO] - Action delay is set to 0 milliseconds

2021-08-31 18:03:11 - [MESSAGE][PASSED] - Browser is opened with url: ''

2021-08-31 18:03:11 - [TEST_STEP][PASSED] - navigateToUrl(URL): Navigate to 'https://renterdashboard.jam.cerberuslink.net/login' successfully

2021-08-31 18:03:16 - [MESSAGE][PASSED] - Navigate to 'https://renterdashboard.jam.cerberuslink.net/login' successfully

2021-08-31 18:03:16 - [TEST_STEP][PASSED] - setText(findTestObject("Object Repository/Login_TestObjects/Page_Poplar Homes/input__email"), Email_Jerrold2): Text 'jerrold+hthornhill334@onerent.co' is set on object 'Object Repository/Login_TestObjects/Page_Poplar Homes/input__email'

2021-08-31 18:03:26 - [MESSAGE][PASSED] - Text 'jerrold+hthornhill334@onerent.co' is set on object 'Object Repository/Login_TestObjects/Page_Poplar Homes/input__email'

2021-08-31 18:03:26 - [TEST_STEP][PASSED] - setEncryptedText(findTestObject("Object Repository/Login_TestObjects/Page_Poplar Homes/input__password"), "pK4N7w/gtfGay7FzPRwAOg=="): Text ****** has been set on object 'Object Repository/Login_TestObjects/Page_Poplar Homes/input__password'

2021-08-31 18:03:27 - [MESSAGE][PASSED] - Text ****** has been set on object 'Object Repository/Login_TestObjects/Page_Poplar Homes/input__password'

2021-08-31 18:03:27 - [TEST_STEP][PASSED] - click(findTestObject("Object Repository/Login_TestObjects/Page_Poplar Homes/button_Log in")): Object: 'Object Repository/Login_TestObjects/Page_Poplar Homes/button_Log in' is clicked on

2021-08-31 18:03:27 - [MESSAGE][PASSED] - Object: 'Object Repository/Login_TestObjects/Page_Poplar Homes/button_Log in' is clicked on

2021-08-31 18:03:27 - [TEST_STEP][PASSED] - delay(10, STOP_ON_FAILURE): Delayed 10 second(s)

2021-08-31 18:03:37 - [MESSAGE][PASSED] - Delayed 10 second(s)

2021-08-31 18:03:37 - [TEST_STEP][PASSED] - waitForElementVisible(findTestObject("Login_TestObjects/Page_Poplar Homes/div_General DetailsCompleted"), 10, STOP_ON_FAILURE): Object 'Object Repository/Login_TestObjects/Page_Poplar Homes/div_General DetailsCompleted' is visible

2021-08-31 18:03:44 - [MESSAGE][PASSED] - Object 'Object Repository/Login_TestObjects/Page_Poplar Homes/div_General DetailsCompleted' is visible

2021-08-31 18:03:44 - [TEST_STEP][PASSED] - Start listener action : sampleAfterTestCase: null

2021-08-31 18:03:44 - [TEST_STEP][PASSED] - println(testCaseContext.getTestCaseId()): null

2021-08-31 18:03:44 - [TEST_STEP][PASSED] - println(testCaseContext.getTestCaseStatus()): null]]></system-out>
         <system-err><![CDATA[]]></system-err>
      </testcase>
      <testcase name="Test Cases/Profile_Tab/Group_Details/Actions/TC04 - Add Member" time="55.922" classname="Test Cases/Profile_Tab/Group_Details/Actions/TC04 - Add Member" status="PASSED">
         <system-out><![CDATA[2021-08-31 18:03:44 - [TEST_CASE][PASSED] - Test Cases/Profile_Tab/Group_Details/Actions/TC04 - Add Member: Test Cases/Profile_Tab/Group_Details/Actions/TC04 - Add Member

2021-08-31 18:03:44 - [TEST_STEP][PASSED] - Start listener action : sampleBeforeTestCase: null

2021-08-31 18:03:44 - [TEST_STEP][PASSED] - println(testCaseContext.getTestCaseId()): null

2021-08-31 18:03:44 - [TEST_STEP][PASSED] - println(testCaseContext.getTestCaseVariables()): null

2021-08-31 18:03:45 - [TEST_STEP][PASSED] - click(findTestObject("Object Repository/Actions_AddMember/Page_Poplar Homes/div_Group DetailsCompleted")): Object: 'Object Repository/Actions_AddMember/Page_Poplar Homes/div_Group DetailsCompleted' is clicked on

2021-08-31 18:03:46 - [MESSAGE][PASSED] - Object: 'Object Repository/Actions_AddMember/Page_Poplar Homes/div_Group DetailsCompleted' is clicked on

2021-08-31 18:03:46 - [TEST_STEP][PASSED] - click(findTestObject("Object Repository/Actions_AddMember/Page_Poplar Homes/button_Actions")): Object: 'Object Repository/Actions_AddMember/Page_Poplar Homes/button_Actions' is clicked on

2021-08-31 18:03:55 - [MESSAGE][PASSED] - Object: 'Object Repository/Actions_AddMember/Page_Poplar Homes/button_Actions' is clicked on

2021-08-31 18:03:55 - [TEST_STEP][PASSED] - click(findTestObject("Object Repository/Actions_AddMember/Page_Poplar Homes/button_Add a Member")): Object: 'Object Repository/Actions_AddMember/Page_Poplar Homes/button_Add a Member' is clicked on

2021-08-31 18:03:56 - [MESSAGE][PASSED] - Object: 'Object Repository/Actions_AddMember/Page_Poplar Homes/button_Add a Member' is clicked on

2021-08-31 18:03:56 - [TEST_STEP][PASSED] - setText(findTestObject("Object Repository/Actions_AddMember/Page_Poplar Homes/input__firstName"), fname): Text 'Leeanna' is set on object 'Object Repository/Actions_AddMember/Page_Poplar Homes/input__firstName'

2021-08-31 18:03:57 - [MESSAGE][PASSED] - Text 'Leeanna' is set on object 'Object Repository/Actions_AddMember/Page_Poplar Homes/input__firstName'

2021-08-31 18:03:57 - [TEST_STEP][PASSED] - setText(findTestObject("Object Repository/Actions_AddMember/Page_Poplar Homes/input__lastName"), lname): Text 'Britton' is set on object 'Object Repository/Actions_AddMember/Page_Poplar Homes/input__lastName'

2021-08-31 18:03:58 - [MESSAGE][PASSED] - Text 'Britton' is set on object 'Object Repository/Actions_AddMember/Page_Poplar Homes/input__lastName'

2021-08-31 18:03:58 - [TEST_STEP][PASSED] - setText(findTestObject("Object Repository/Actions_AddMember/Page_Poplar Homes/input__email_1"), email): Text 'LeeannaBritton523452@gmail.com' is set on object 'Object Repository/Actions_AddMember/Page_Poplar Homes/input__email_1'

2021-08-31 18:03:59 - [MESSAGE][PASSED] - Text 'LeeannaBritton523452@gmail.com' is set on object 'Object Repository/Actions_AddMember/Page_Poplar Homes/input__email_1'

2021-08-31 18:03:59 - [TEST_STEP][PASSED] - setText(findTestObject("Object Repository/Actions_AddMember/Page_Poplar Homes/input__phone"), "1 (231) 231-2312"): Text '1 (231) 231-2312' is set on object 'Object Repository/Actions_AddMember/Page_Poplar Homes/input__phone'

2021-08-31 18:04:00 - [MESSAGE][PASSED] - Text '1 (231) 231-2312' is set on object 'Object Repository/Actions_AddMember/Page_Poplar Homes/input__phone'

2021-08-31 18:04:00 - [TEST_STEP][PASSED] - selectOptionByValue(findTestObject("Object Repository/Actions_AddMember/Page_Poplar Homes/select_MonthJanuaryFebruaryMarchAprilMayJun_aa9ebb"), birthmonth, true): All options with value 'February' are selected in object 'Object Repository/Actions_AddMember/Page_Poplar Homes/select_MonthJanuaryFebruaryMarchAprilMayJun_aa9ebb'  using regular expression

2021-08-31 18:04:01 - [MESSAGE][PASSED] - All options with value 'February' are selected in object 'Object Repository/Actions_AddMember/Page_Poplar Homes/select_MonthJanuaryFebruaryMarchAprilMayJun_aa9ebb'  using regular expression

2021-08-31 18:04:01 - [TEST_STEP][PASSED] - selectOptionByValue(findTestObject("Object Repository/Actions_AddMember/Page_Poplar Homes/select_Day123456789101112131415161718192021_71ec95"), birthday, true): All options with value '13' are selected in object 'Object Repository/Actions_AddMember/Page_Poplar Homes/select_Day123456789101112131415161718192021_71ec95'  using regular expression

2021-08-31 18:04:03 - [MESSAGE][PASSED] - All options with value '13' are selected in object 'Object Repository/Actions_AddMember/Page_Poplar Homes/select_Day123456789101112131415161718192021_71ec95'  using regular expression

2021-08-31 18:04:03 - [TEST_STEP][PASSED] - selectOptionByValue(findTestObject("Object Repository/Actions_AddMember/Page_Poplar Homes/select_Year20212020201920182017201620152014_f874ed"), birthyear, true): All options with value '1981' are selected in object 'Object Repository/Actions_AddMember/Page_Poplar Homes/select_Year20212020201920182017201620152014_f874ed'  using regular expression

2021-08-31 18:04:07 - [MESSAGE][PASSED] - All options with value '1981' are selected in object 'Object Repository/Actions_AddMember/Page_Poplar Homes/select_Year20212020201920182017201620152014_f874ed'  using regular expression

2021-08-31 18:04:07 - [TEST_STEP][PASSED] - setText(findTestObject("Object Repository/Actions_AddMember/Page_Poplar Homes/input__fullAddress"), address): Text '1749 Laine Ave, Santa Clara, CA, 95051  ' is set on object 'Object Repository/Actions_AddMember/Page_Poplar Homes/input__fullAddress'

2021-08-31 18:04:08 - [MESSAGE][PASSED] - Text '1749 Laine Ave, Santa Clara, CA, 95051  ' is set on object 'Object Repository/Actions_AddMember/Page_Poplar Homes/input__fullAddress'

2021-08-31 18:04:08 - [TEST_STEP][PASSED] - delay(5): Delayed 5 second(s)

2021-08-31 18:04:13 - [MESSAGE][PASSED] - Delayed 5 second(s)

2021-08-31 18:04:13 - [TEST_STEP][PASSED] - click(findTestObject("Actions_AddMember/Page_AddMember_dropdownlist/dropdown_item0")): Object: 'Object Repository/Actions_AddMember/Page_AddMember_dropdownlist/dropdown_item0' is clicked on

2021-08-31 18:04:14 - [MESSAGE][PASSED] - Object: 'Object Repository/Actions_AddMember/Page_AddMember_dropdownlist/dropdown_item0' is clicked on

2021-08-31 18:04:14 - [TEST_STEP][PASSED] - setText(findTestObject("Object Repository/Actions_AddMember/Page_Poplar Homes/input__unitNumber"), "121"): Text '121' is set on object 'Object Repository/Actions_AddMember/Page_Poplar Homes/input__unitNumber'

2021-08-31 18:04:15 - [MESSAGE][PASSED] - Text '121' is set on object 'Object Repository/Actions_AddMember/Page_Poplar Homes/input__unitNumber'

2021-08-31 18:04:15 - [TEST_STEP][PASSED] - click(findTestObject("Object Repository/Actions_AddMember/Page_Poplar Homes/button_Employed")): Object: 'Object Repository/Actions_AddMember/Page_Poplar Homes/button_Employed' is clicked on

2021-08-31 18:04:16 - [MESSAGE][PASSED] - Object: 'Object Repository/Actions_AddMember/Page_Poplar Homes/button_Employed' is clicked on

2021-08-31 18:04:16 - [TEST_STEP][PASSED] - setText(findTestObject("Object Repository/Actions_AddMember/Page_Poplar Homes/input__employer"), employer): Text 'Graham LLC' is set on object 'Object Repository/Actions_AddMember/Page_Poplar Homes/input__employer'

2021-08-31 18:04:17 - [MESSAGE][PASSED] - Text 'Graham LLC' is set on object 'Object Repository/Actions_AddMember/Page_Poplar Homes/input__employer'

2021-08-31 18:04:17 - [TEST_STEP][PASSED] - setText(findTestObject("Object Repository/Actions_AddMember/Page_Poplar Homes/input__employmentStatement"), jobtitle): Text 'Construction Manager' is set on object 'Object Repository/Actions_AddMember/Page_Poplar Homes/input__employmentStatement'

2021-08-31 18:04:18 - [MESSAGE][PASSED] - Text 'Construction Manager' is set on object 'Object Repository/Actions_AddMember/Page_Poplar Homes/input__employmentStatement'

2021-08-31 18:04:18 - [TEST_STEP][PASSED] - setText(findTestObject("Object Repository/Actions_AddMember/Page_Poplar Homes/input__declaredMonthlyIncome"), "2000"): Text '2000' is set on object 'Object Repository/Actions_AddMember/Page_Poplar Homes/input__declaredMonthlyIncome'

2021-08-31 18:04:18 - [MESSAGE][PASSED] - Text '2000' is set on object 'Object Repository/Actions_AddMember/Page_Poplar Homes/input__declaredMonthlyIncome'

2021-08-31 18:04:18 - [TEST_STEP][PASSED] - setText(findTestObject("Object Repository/Actions_AddMember/Page_Poplar Homes/input__workEmail"), workemail): Text 'LeeannaBritton523452@graham.com' is set on object 'Object Repository/Actions_AddMember/Page_Poplar Homes/input__workEmail'

2021-08-31 18:04:19 - [MESSAGE][PASSED] - Text 'LeeannaBritton523452@graham.com' is set on object 'Object Repository/Actions_AddMember/Page_Poplar Homes/input__workEmail'

2021-08-31 18:04:19 - [TEST_STEP][PASSED] - click(findTestObject("Actions_AddMember/Page_Poplar Homes/button_Save")): Object: 'Object Repository/Actions_AddMember/Page_Poplar Homes/button_Save' is clicked on

2021-08-31 18:04:20 - [MESSAGE][PASSED] - Object: 'Object Repository/Actions_AddMember/Page_Poplar Homes/button_Save' is clicked on

2021-08-31 18:04:20 - [TEST_STEP][PASSED] - delay(20): Delayed 20 second(s)

2021-08-31 18:04:40 - [MESSAGE][PASSED] - Delayed 20 second(s)

2021-08-31 18:04:40 - [TEST_STEP][PASSED] - Start listener action : sampleAfterTestCase: null

2021-08-31 18:04:40 - [TEST_STEP][PASSED] - println(testCaseContext.getTestCaseId()): null

2021-08-31 18:04:40 - [TEST_STEP][PASSED] - println(testCaseContext.getTestCaseStatus()): null]]></system-out>
         <system-err><![CDATA[]]></system-err>
      </testcase>
      <system-out><![CDATA[2021-08-31 18:03:03 - [TEST_SUITE][PASSED] - Add Member - Data Driven Test: Test Cases/Profile_Tab/Group_Details/Actions/TC04 - Add Member]]></system-out>
      <system-err><![CDATA[]]></system-err>
   </testsuite>
</testsuites>
