<?xml version="1.0" encoding="UTF-8"?>
<testsuites name="TS01 - Login, Add Member" time="96.409" tests="2" failures="0" errors="0">
   <testsuite name="TS01 - Login, Add Member" tests="2" failures="0" errors="0" time="96.409" skipped="0" timestamp="2021-08-30 14:51:56" hostname="admin - DESKTOP-53OG93O" id="Test Suites/Profile_Tab_TestSuite/Group_Details_TestSuite/Actions_TestSuite/TS01 - Login, Add Member">
      <properties>
         <property name="deviceName" value=""/>
         <property name="devicePlatform" value=""/>
         <property name="logFolder" value="C:\\Users\\admin\\git\\Renter-Dashboard-Reskin\\Reports\\20210830_145138\\Profile_Tab_TestSuite\\Group_Details_TestSuite\\Actions_TestSuite\\TS01 - Login, Add Member\\20210830_145139"/>
         <property name="logFiles" value="C:\\Users\\admin\\git\\Renter-Dashboard-Reskin\\Reports\\20210830_145138\\Profile_Tab_TestSuite\\Group_Details_TestSuite\\Actions_TestSuite\\TS01 - Login, Add Member\\20210830_145139\\execution0.log"/>
         <property name="attachments" value=""/>
         <property name="hostName" value="admin - DESKTOP-53OG93O"/>
         <property name="os" value="Windows 10 64bit"/>
         <property name="katalonVersion" value="8.1.0.208"/>
         <property name="browser" value="Chrome 92.0.4515.159"/>
         <property name="hostAddress" value="192.168.1.6"/>
         <property name="sessionId" value="401bab97f57efacdb3658dcb599f6095"/>
         <property name="seleniumVersion" value="3.141.59"/>
         <property name="proxyInformation" value="ProxyInformation { proxyOption=NO_PROXY, proxyServerType=HTTP, username=, password=********, proxyServerAddress=, proxyServerPort=0, executionList=&quot;&quot;, isApplyToDesiredCapabilities=true }"/>
         <property name="platform" value="Windows 10"/>
      </properties>
      <testcase name="Test Cases/Login/login_renterdash" time="39.646" classname="Test Cases/Login/login_renterdash" status="PASSED">
         <system-out><![CDATA[2021-08-30 14:51:57 - [TEST_CASE][PASSED] - Test Cases/Login/login_renterdash: Test Cases/Login/login_renterdash

2021-08-30 14:51:58 - [TEST_STEP][PASSED] - openBrowser(""): Browser is opened with url: ''

2021-08-30 14:51:58 - [MESSAGE][INFO] - Starting 'Chrome' driver

2021-08-30 14:51:58 - [MESSAGE][INFO] - Action delay is set to 0 milliseconds

2021-08-30 14:52:01 - [MESSAGE][PASSED] - Browser is opened with url: ''

2021-08-30 14:52:01 - [TEST_STEP][PASSED] - navigateToUrl(URL): Navigate to 'https://renterdashboard.jam.cerberuslink.net/login' successfully

2021-08-30 14:52:08 - [MESSAGE][PASSED] - Navigate to 'https://renterdashboard.jam.cerberuslink.net/login' successfully

2021-08-30 14:52:08 - [TEST_STEP][PASSED] - setText(findTestObject("Object Repository/Login_TestObjects/Page_Poplar Homes/input__email"), Email_Jerrold2): Text 'jerrold+hthornhill334@onerent.co' is set on object 'Object Repository/Login_TestObjects/Page_Poplar Homes/input__email'

2021-08-30 14:52:19 - [MESSAGE][PASSED] - Text 'jerrold+hthornhill334@onerent.co' is set on object 'Object Repository/Login_TestObjects/Page_Poplar Homes/input__email'

2021-08-30 14:52:19 - [TEST_STEP][PASSED] - setEncryptedText(findTestObject("Object Repository/Login_TestObjects/Page_Poplar Homes/input__password"), "pK4N7w/gtfGay7FzPRwAOg=="): Text ****** has been set on object 'Object Repository/Login_TestObjects/Page_Poplar Homes/input__password'

2021-08-30 14:52:19 - [MESSAGE][PASSED] - Text ****** has been set on object 'Object Repository/Login_TestObjects/Page_Poplar Homes/input__password'

2021-08-30 14:52:19 - [TEST_STEP][PASSED] - click(findTestObject("Object Repository/Login_TestObjects/Page_Poplar Homes/button_Log in")): Object: 'Object Repository/Login_TestObjects/Page_Poplar Homes/button_Log in' is clicked on

2021-08-30 14:52:20 - [MESSAGE][PASSED] - Object: 'Object Repository/Login_TestObjects/Page_Poplar Homes/button_Log in' is clicked on

2021-08-30 14:52:20 - [TEST_STEP][PASSED] - delay(10, STOP_ON_FAILURE): Delayed 10 second(s)

2021-08-30 14:52:30 - [MESSAGE][PASSED] - Delayed 10 second(s)

2021-08-30 14:52:30 - [TEST_STEP][PASSED] - waitForElementVisible(findTestObject("Login_TestObjects/Page_Poplar Homes/div_General DetailsCompleted"), 10, STOP_ON_FAILURE): Object 'Object Repository/Login_TestObjects/Page_Poplar Homes/div_General DetailsCompleted' is visible

2021-08-30 14:52:37 - [MESSAGE][PASSED] - Object 'Object Repository/Login_TestObjects/Page_Poplar Homes/div_General DetailsCompleted' is visible]]></system-out>
         <system-err><![CDATA[]]></system-err>
      </testcase>
      <testcase name="Test Cases/Profile_Tab/Group_Details/Actions/TC04 - Add Member" time="54.923" classname="Test Cases/Profile_Tab/Group_Details/Actions/TC04 - Add Member" status="PASSED">
         <system-out><![CDATA[2021-08-30 14:52:37 - [TEST_CASE][PASSED] - Test Cases/Profile_Tab/Group_Details/Actions/TC04 - Add Member: Test Cases/Profile_Tab/Group_Details/Actions/TC04 - Add Member

2021-08-30 14:52:37 - [TEST_STEP][PASSED] - click(findTestObject("Object Repository/Actions_AddMember/Page_Poplar Homes/div_Group DetailsCompleted")): Object: 'Object Repository/Actions_AddMember/Page_Poplar Homes/div_Group DetailsCompleted' is clicked on

2021-08-30 14:52:38 - [MESSAGE][PASSED] - Object: 'Object Repository/Actions_AddMember/Page_Poplar Homes/div_Group DetailsCompleted' is clicked on

2021-08-30 14:52:38 - [TEST_STEP][PASSED] - click(findTestObject("Object Repository/Actions_AddMember/Page_Poplar Homes/button_Actions")): Object: 'Object Repository/Actions_AddMember/Page_Poplar Homes/button_Actions' is clicked on

2021-08-30 14:52:49 - [MESSAGE][PASSED] - Object: 'Object Repository/Actions_AddMember/Page_Poplar Homes/button_Actions' is clicked on

2021-08-30 14:52:49 - [TEST_STEP][PASSED] - click(findTestObject("Object Repository/Actions_AddMember/Page_Poplar Homes/button_Add a Member")): Object: 'Object Repository/Actions_AddMember/Page_Poplar Homes/button_Add a Member' is clicked on

2021-08-30 14:52:49 - [MESSAGE][PASSED] - Object: 'Object Repository/Actions_AddMember/Page_Poplar Homes/button_Add a Member' is clicked on

2021-08-30 14:52:49 - [TEST_STEP][PASSED] - setText(findTestObject("Object Repository/Actions_AddMember/Page_Poplar Homes/input__firstName"), "Bea"): Text 'Bea' is set on object 'Object Repository/Actions_AddMember/Page_Poplar Homes/input__firstName'

2021-08-30 14:52:50 - [MESSAGE][PASSED] - Text 'Bea' is set on object 'Object Repository/Actions_AddMember/Page_Poplar Homes/input__firstName'

2021-08-30 14:52:50 - [TEST_STEP][PASSED] - setText(findTestObject("Object Repository/Actions_AddMember/Page_Poplar Homes/input__lastName"), "Alonzo"): Text 'Alonzo' is set on object 'Object Repository/Actions_AddMember/Page_Poplar Homes/input__lastName'

2021-08-30 14:52:51 - [MESSAGE][PASSED] - Text 'Alonzo' is set on object 'Object Repository/Actions_AddMember/Page_Poplar Homes/input__lastName'

2021-08-30 14:52:51 - [TEST_STEP][PASSED] - setText(findTestObject("Object Repository/Actions_AddMember/Page_Poplar Homes/input__email_1"), "beaalonzoyum@gmail.com"): Text 'beaalonzoyum@gmail.com' is set on object 'Object Repository/Actions_AddMember/Page_Poplar Homes/input__email_1'

2021-08-30 14:52:52 - [MESSAGE][PASSED] - Text 'beaalonzoyum@gmail.com' is set on object 'Object Repository/Actions_AddMember/Page_Poplar Homes/input__email_1'

2021-08-30 14:52:52 - [TEST_STEP][PASSED] - setText(findTestObject("Object Repository/Actions_AddMember/Page_Poplar Homes/input__phone"), "1 (231) 231-2312"): Text '1 (231) 231-2312' is set on object 'Object Repository/Actions_AddMember/Page_Poplar Homes/input__phone'

2021-08-30 14:52:53 - [MESSAGE][PASSED] - Text '1 (231) 231-2312' is set on object 'Object Repository/Actions_AddMember/Page_Poplar Homes/input__phone'

2021-08-30 14:52:53 - [TEST_STEP][PASSED] - selectOptionByValue(findTestObject("Object Repository/Actions_AddMember/Page_Poplar Homes/select_MonthJanuaryFebruaryMarchAprilMayJun_aa9ebb"), "June", true): All options with value 'June' are selected in object 'Object Repository/Actions_AddMember/Page_Poplar Homes/select_MonthJanuaryFebruaryMarchAprilMayJun_aa9ebb'  using regular expression

2021-08-30 14:52:54 - [MESSAGE][PASSED] - All options with value 'June' are selected in object 'Object Repository/Actions_AddMember/Page_Poplar Homes/select_MonthJanuaryFebruaryMarchAprilMayJun_aa9ebb'  using regular expression

2021-08-30 14:52:54 - [TEST_STEP][PASSED] - selectOptionByValue(findTestObject("Object Repository/Actions_AddMember/Page_Poplar Homes/select_Day123456789101112131415161718192021_71ec95"), "15", true): All options with value '15' are selected in object 'Object Repository/Actions_AddMember/Page_Poplar Homes/select_Day123456789101112131415161718192021_71ec95'  using regular expression

2021-08-30 14:52:56 - [MESSAGE][PASSED] - All options with value '15' are selected in object 'Object Repository/Actions_AddMember/Page_Poplar Homes/select_Day123456789101112131415161718192021_71ec95'  using regular expression

2021-08-30 14:52:56 - [TEST_STEP][PASSED] - selectOptionByValue(findTestObject("Object Repository/Actions_AddMember/Page_Poplar Homes/select_Year20212020201920182017201620152014_f874ed"), "1967", true): All options with value '1967' are selected in object 'Object Repository/Actions_AddMember/Page_Poplar Homes/select_Year20212020201920182017201620152014_f874ed'  using regular expression

2021-08-30 14:53:00 - [MESSAGE][PASSED] - All options with value '1967' are selected in object 'Object Repository/Actions_AddMember/Page_Poplar Homes/select_Year20212020201920182017201620152014_f874ed'  using regular expression

2021-08-30 14:53:00 - [TEST_STEP][PASSED] - setText(findTestObject("Object Repository/Actions_AddMember/Page_Poplar Homes/input__fullAddress"), "32"): Text '32' is set on object 'Object Repository/Actions_AddMember/Page_Poplar Homes/input__fullAddress'

2021-08-30 14:53:00 - [MESSAGE][PASSED] - Text '32' is set on object 'Object Repository/Actions_AddMember/Page_Poplar Homes/input__fullAddress'

2021-08-30 14:53:00 - [TEST_STEP][PASSED] - delay(5): Delayed 5 second(s)

2021-08-30 14:53:05 - [MESSAGE][PASSED] - Delayed 5 second(s)

2021-08-30 14:53:05 - [TEST_STEP][PASSED] - click(findTestObject("Object Repository/Actions_AddMember/Page_Poplar Homes/p_300 Vesey Street, New York, NY, USA")): Object: 'Object Repository/Actions_AddMember/Page_Poplar Homes/p_300 Vesey Street, New York, NY, USA' is clicked on

2021-08-30 14:53:06 - [MESSAGE][PASSED] - Object: 'Object Repository/Actions_AddMember/Page_Poplar Homes/p_300 Vesey Street, New York, NY, USA' is clicked on

2021-08-30 14:53:06 - [TEST_STEP][PASSED] - setText(findTestObject("Object Repository/Actions_AddMember/Page_Poplar Homes/input__unitNumber"), "121"): Text '121' is set on object 'Object Repository/Actions_AddMember/Page_Poplar Homes/input__unitNumber'

2021-08-30 14:53:07 - [MESSAGE][PASSED] - Text '121' is set on object 'Object Repository/Actions_AddMember/Page_Poplar Homes/input__unitNumber'

2021-08-30 14:53:07 - [TEST_STEP][PASSED] - click(findTestObject("Object Repository/Actions_AddMember/Page_Poplar Homes/button_Employed")): Object: 'Object Repository/Actions_AddMember/Page_Poplar Homes/button_Employed' is clicked on

2021-08-30 14:53:07 - [MESSAGE][PASSED] - Object: 'Object Repository/Actions_AddMember/Page_Poplar Homes/button_Employed' is clicked on

2021-08-30 14:53:07 - [TEST_STEP][PASSED] - setText(findTestObject("Object Repository/Actions_AddMember/Page_Poplar Homes/input__employer"), "GMA Network"): Text 'GMA Network' is set on object 'Object Repository/Actions_AddMember/Page_Poplar Homes/input__employer'

2021-08-30 14:53:08 - [MESSAGE][PASSED] - Text 'GMA Network' is set on object 'Object Repository/Actions_AddMember/Page_Poplar Homes/input__employer'

2021-08-30 14:53:08 - [TEST_STEP][PASSED] - setText(findTestObject("Object Repository/Actions_AddMember/Page_Poplar Homes/input__employmentStatement"), "Test"): Text 'Test' is set on object 'Object Repository/Actions_AddMember/Page_Poplar Homes/input__employmentStatement'

2021-08-30 14:53:09 - [MESSAGE][PASSED] - Text 'Test' is set on object 'Object Repository/Actions_AddMember/Page_Poplar Homes/input__employmentStatement'

2021-08-30 14:53:09 - [TEST_STEP][PASSED] - setText(findTestObject("Object Repository/Actions_AddMember/Page_Poplar Homes/input__declaredMonthlyIncome"), "2000"): Text '2000' is set on object 'Object Repository/Actions_AddMember/Page_Poplar Homes/input__declaredMonthlyIncome'

2021-08-30 14:53:10 - [MESSAGE][PASSED] - Text '2000' is set on object 'Object Repository/Actions_AddMember/Page_Poplar Homes/input__declaredMonthlyIncome'

2021-08-30 14:53:10 - [TEST_STEP][PASSED] - setText(findTestObject("Object Repository/Actions_AddMember/Page_Poplar Homes/input__workEmail"), "beaalonzo@gmanetwork.com"): Text 'beaalonzo@gmanetwork.com' is set on object 'Object Repository/Actions_AddMember/Page_Poplar Homes/input__workEmail'

2021-08-30 14:53:11 - [MESSAGE][PASSED] - Text 'beaalonzo@gmanetwork.com' is set on object 'Object Repository/Actions_AddMember/Page_Poplar Homes/input__workEmail'

2021-08-30 14:53:11 - [TEST_STEP][PASSED] - click(findTestObject("Actions_AddMember/Page_Poplar Homes/button_Save")): Object: 'Object Repository/Actions_AddMember/Page_Poplar Homes/button_Save' is clicked on

2021-08-30 14:53:11 - [MESSAGE][PASSED] - Object: 'Object Repository/Actions_AddMember/Page_Poplar Homes/button_Save' is clicked on

2021-08-30 14:53:11 - [TEST_STEP][PASSED] - delay(20): Delayed 20 second(s)

2021-08-30 14:53:31 - [MESSAGE][PASSED] - Delayed 20 second(s)]]></system-out>
         <system-err><![CDATA[]]></system-err>
      </testcase>
      <system-out><![CDATA[2021-08-30 14:51:56 - [TEST_SUITE][PASSED] - TS01 - Login, Add Member: Test Cases/Profile_Tab/Group_Details/Actions/TC04 - Add Member]]></system-out>
      <system-err><![CDATA[]]></system-err>
   </testsuite>
</testsuites>
