<?xml version="1.0" encoding="UTF-8"?>
<testsuites name="Login - Data Driven Test" time="106.628" tests="3" failures="0" errors="0">
   <testsuite name="Login - Data Driven Test" tests="3" failures="0" errors="0" time="106.628" skipped="0" timestamp="2021-08-31 00:43:56" hostname="admin - DESKTOP-53OG93O" id="Test Suites/Data Driven Testing/Login - Data Driven Test">
      <properties>
         <property name="deviceName" value=""/>
         <property name="devicePlatform" value=""/>
         <property name="logFolder" value="C:\\Users\\admin\\git\\Renter-Dashboard-Reskin\\Reports\\20210831_004339\\Data Driven Testing\\Login - Data Driven Test\\20210831_004339"/>
         <property name="logFiles" value="C:\\Users\\admin\\git\\Renter-Dashboard-Reskin\\Reports\\20210831_004339\\Data Driven Testing\\Login - Data Driven Test\\20210831_004339\\execution0.log"/>
         <property name="attachments" value=""/>
         <property name="hostName" value="admin - DESKTOP-53OG93O"/>
         <property name="os" value="Windows 10 64bit"/>
         <property name="katalonVersion" value="8.1.0.208"/>
         <property name="browser" value="Chrome 92.0.4515.159"/>
         <property name="hostAddress" value="192.168.1.6"/>
         <property name="sessionId" value="601d050a6e1f8e47f72194e914378555"/>
         <property name="seleniumVersion" value="3.141.59"/>
         <property name="proxyInformation" value="ProxyInformation { proxyOption=NO_PROXY, proxyServerType=HTTP, username=, password=********, proxyServerAddress=, proxyServerPort=0, executionList=&quot;&quot;, isApplyToDesiredCapabilities=true }"/>
         <property name="platform" value="Windows 10"/>
      </properties>
      <testcase name="Test Cases/Login/login_renterdash_datadriven" time="47.185" classname="Test Cases/Login/login_renterdash_datadriven" status="PASSED">
         <system-out><![CDATA[2021-08-31 00:43:57 - [TEST_CASE][PASSED] - Test Cases/Login/login_renterdash_datadriven: Test Cases/Login/login_renterdash_datadriven

2021-08-31 00:43:58 - [TEST_STEP][PASSED] - openBrowser(""): Browser is opened with url: ''

2021-08-31 00:43:59 - [MESSAGE][INFO] - Starting 'Chrome' driver

2021-08-31 00:43:59 - [MESSAGE][INFO] - Action delay is set to 0 milliseconds

2021-08-31 00:44:03 - [MESSAGE][PASSED] - Browser is opened with url: ''

2021-08-31 00:44:03 - [TEST_STEP][PASSED] - navigateToUrl(URL): Navigate to 'https://renterdashboard.jam.cerberuslink.net/login' successfully

2021-08-31 00:44:14 - [MESSAGE][PASSED] - Navigate to 'https://renterdashboard.jam.cerberuslink.net/login' successfully

2021-08-31 00:44:14 - [TEST_STEP][PASSED] - setText(findTestObject("Object Repository/Login_TestObjects/Page_Poplar Homes/input__email"), email): Text 'jerrold+herthacohn322@poplarhomes.com' is set on object 'Object Repository/Login_TestObjects/Page_Poplar Homes/input__email'

2021-08-31 00:44:26 - [MESSAGE][PASSED] - Text 'jerrold+herthacohn322@poplarhomes.com' is set on object 'Object Repository/Login_TestObjects/Page_Poplar Homes/input__email'

2021-08-31 00:44:26 - [TEST_STEP][PASSED] - setText(findTestObject("Object Repository/Login_TestObjects/Page_Poplar Homes/input__password"), password): Text 'lov32test' is set on object 'Object Repository/Login_TestObjects/Page_Poplar Homes/input__password'

2021-08-31 00:44:26 - [MESSAGE][PASSED] - Text 'lov32test' is set on object 'Object Repository/Login_TestObjects/Page_Poplar Homes/input__password'

2021-08-31 00:44:26 - [TEST_STEP][PASSED] - click(findTestObject("Object Repository/Login_TestObjects/Page_Poplar Homes/button_Log in")): Object: 'Object Repository/Login_TestObjects/Page_Poplar Homes/button_Log in' is clicked on

2021-08-31 00:44:27 - [MESSAGE][PASSED] - Object: 'Object Repository/Login_TestObjects/Page_Poplar Homes/button_Log in' is clicked on

2021-08-31 00:44:27 - [TEST_STEP][PASSED] - delay(10, STOP_ON_FAILURE): Delayed 10 second(s)

2021-08-31 00:44:37 - [MESSAGE][PASSED] - Delayed 10 second(s)

2021-08-31 00:44:37 - [TEST_STEP][PASSED] - waitForElementVisible(findTestObject("Login_TestObjects/Page_Poplar Homes/div_General DetailsCompleted"), 10, STOP_ON_FAILURE): Object 'Object Repository/Login_TestObjects/Page_Poplar Homes/div_General DetailsCompleted' is visible

2021-08-31 00:44:44 - [MESSAGE][PASSED] - Object 'Object Repository/Login_TestObjects/Page_Poplar Homes/div_General DetailsCompleted' is visible]]></system-out>
         <system-err><![CDATA[]]></system-err>
      </testcase>
      <testcase name="Test Cases/Login/login_renterdash_datadriven" time="22.968" classname="Test Cases/Login/login_renterdash_datadriven" status="PASSED">
         <system-out><![CDATA[2021-08-31 00:44:44 - [TEST_CASE][PASSED] - Test Cases/Login/login_renterdash_datadriven: Test Cases/Login/login_renterdash_datadriven

2021-08-31 00:44:44 - [TEST_STEP][PASSED] - openBrowser(""): Browser is opened with url: ''

2021-08-31 00:44:44 - [MESSAGE][WARNING] - A browser is already opened. Closing browser and opening a new one

2021-08-31 00:44:45 - [MESSAGE][INFO] - Starting 'Chrome' driver

2021-08-31 00:44:45 - [MESSAGE][INFO] - Action delay is set to 0 milliseconds

2021-08-31 00:44:46 - [MESSAGE][PASSED] - Browser is opened with url: ''

2021-08-31 00:44:46 - [TEST_STEP][PASSED] - navigateToUrl(URL): Navigate to 'https://renterdashboard.jam.cerberuslink.net/login' successfully

2021-08-31 00:44:51 - [MESSAGE][PASSED] - Navigate to 'https://renterdashboard.jam.cerberuslink.net/login' successfully

2021-08-31 00:44:51 - [TEST_STEP][PASSED] - setText(findTestObject("Object Repository/Login_TestObjects/Page_Poplar Homes/input__email"), email): Text 'jerrold+emartin322332@onerent.co' is set on object 'Object Repository/Login_TestObjects/Page_Poplar Homes/input__email'

2021-08-31 00:44:52 - [MESSAGE][PASSED] - Text 'jerrold+emartin322332@onerent.co' is set on object 'Object Repository/Login_TestObjects/Page_Poplar Homes/input__email'

2021-08-31 00:44:52 - [TEST_STEP][PASSED] - setText(findTestObject("Object Repository/Login_TestObjects/Page_Poplar Homes/input__password"), password): Text 'lov32test' is set on object 'Object Repository/Login_TestObjects/Page_Poplar Homes/input__password'

2021-08-31 00:44:53 - [MESSAGE][PASSED] - Text 'lov32test' is set on object 'Object Repository/Login_TestObjects/Page_Poplar Homes/input__password'

2021-08-31 00:44:53 - [TEST_STEP][PASSED] - click(findTestObject("Object Repository/Login_TestObjects/Page_Poplar Homes/button_Log in")): Object: 'Object Repository/Login_TestObjects/Page_Poplar Homes/button_Log in' is clicked on

2021-08-31 00:44:54 - [MESSAGE][PASSED] - Object: 'Object Repository/Login_TestObjects/Page_Poplar Homes/button_Log in' is clicked on

2021-08-31 00:44:54 - [TEST_STEP][PASSED] - delay(10, STOP_ON_FAILURE): Delayed 10 second(s)

2021-08-31 00:45:04 - [MESSAGE][PASSED] - Delayed 10 second(s)

2021-08-31 00:45:04 - [TEST_STEP][PASSED] - waitForElementVisible(findTestObject("Login_TestObjects/Page_Poplar Homes/div_General DetailsCompleted"), 10, STOP_ON_FAILURE): Object 'Object Repository/Login_TestObjects/Page_Poplar Homes/div_General DetailsCompleted' is visible

2021-08-31 00:45:07 - [MESSAGE][PASSED] - Object 'Object Repository/Login_TestObjects/Page_Poplar Homes/div_General DetailsCompleted' is visible]]></system-out>
         <system-err><![CDATA[]]></system-err>
      </testcase>
      <testcase name="Test Cases/Login/login_renterdash_datadriven" time="33.606" classname="Test Cases/Login/login_renterdash_datadriven" status="PASSED">
         <system-out><![CDATA[2021-08-31 00:45:07 - [TEST_CASE][PASSED] - Test Cases/Login/login_renterdash_datadriven: Test Cases/Login/login_renterdash_datadriven

2021-08-31 00:45:07 - [TEST_STEP][PASSED] - openBrowser(""): Browser is opened with url: ''

2021-08-31 00:45:07 - [MESSAGE][WARNING] - A browser is already opened. Closing browser and opening a new one

2021-08-31 00:45:08 - [MESSAGE][INFO] - Starting 'Chrome' driver

2021-08-31 00:45:08 - [MESSAGE][INFO] - Action delay is set to 0 milliseconds

2021-08-31 00:45:10 - [MESSAGE][PASSED] - Browser is opened with url: ''

2021-08-31 00:45:10 - [TEST_STEP][PASSED] - navigateToUrl(URL): Navigate to 'https://renterdashboard.jam.cerberuslink.net/login' successfully

2021-08-31 00:45:14 - [MESSAGE][PASSED] - Navigate to 'https://renterdashboard.jam.cerberuslink.net/login' successfully

2021-08-31 00:45:14 - [TEST_STEP][PASSED] - setText(findTestObject("Object Repository/Login_TestObjects/Page_Poplar Homes/input__email"), email): Text 'jerrold+rmatney3222@onerent.co' is set on object 'Object Repository/Login_TestObjects/Page_Poplar Homes/input__email'

2021-08-31 00:45:24 - [MESSAGE][PASSED] - Text 'jerrold+rmatney3222@onerent.co' is set on object 'Object Repository/Login_TestObjects/Page_Poplar Homes/input__email'

2021-08-31 00:45:24 - [TEST_STEP][PASSED] - setText(findTestObject("Object Repository/Login_TestObjects/Page_Poplar Homes/input__password"), password): Text 'lov32test' is set on object 'Object Repository/Login_TestObjects/Page_Poplar Homes/input__password'

2021-08-31 00:45:25 - [MESSAGE][PASSED] - Text 'lov32test' is set on object 'Object Repository/Login_TestObjects/Page_Poplar Homes/input__password'

2021-08-31 00:45:25 - [TEST_STEP][PASSED] - click(findTestObject("Object Repository/Login_TestObjects/Page_Poplar Homes/button_Log in")): Object: 'Object Repository/Login_TestObjects/Page_Poplar Homes/button_Log in' is clicked on

2021-08-31 00:45:26 - [MESSAGE][PASSED] - Object: 'Object Repository/Login_TestObjects/Page_Poplar Homes/button_Log in' is clicked on

2021-08-31 00:45:26 - [TEST_STEP][PASSED] - delay(10, STOP_ON_FAILURE): Delayed 10 second(s)

2021-08-31 00:45:36 - [MESSAGE][PASSED] - Delayed 10 second(s)

2021-08-31 00:45:36 - [TEST_STEP][PASSED] - waitForElementVisible(findTestObject("Login_TestObjects/Page_Poplar Homes/div_General DetailsCompleted"), 10, STOP_ON_FAILURE): Object 'Object Repository/Login_TestObjects/Page_Poplar Homes/div_General DetailsCompleted' is visible

2021-08-31 00:45:41 - [MESSAGE][PASSED] - Object 'Object Repository/Login_TestObjects/Page_Poplar Homes/div_General DetailsCompleted' is visible]]></system-out>
         <system-err><![CDATA[]]></system-err>
      </testcase>
      <system-out><![CDATA[2021-08-31 00:43:56 - [TEST_SUITE][PASSED] - Login - Data Driven Test: Test Cases/Login/login_renterdash_datadriven]]></system-out>
      <system-err><![CDATA[]]></system-err>
   </testsuite>
</testsuites>
