<?xml version="1.0" encoding="UTF-8"?>
<testsuites name="Login - Data Driven Test" time="133.467" tests="4" failures="0" errors="0">
   <testsuite name="Login - Data Driven Test" tests="4" failures="0" errors="0" time="133.467" skipped="0" timestamp="2021-08-31 09:25:58" hostname="admin - DESKTOP-53OG93O" id="Test Suites/Data Driven Testing/Login - Data Driven Test">
      <properties>
         <property name="deviceName" value=""/>
         <property name="devicePlatform" value=""/>
         <property name="logFolder" value="C:\\Users\\admin\\git\\Renter-Dashboard-Reskin\\Reports\\20210831_092545\\Data Driven Testing\\Login - Data Driven Test\\20210831_092545"/>
         <property name="logFiles" value="C:\\Users\\admin\\git\\Renter-Dashboard-Reskin\\Reports\\20210831_092545\\Data Driven Testing\\Login - Data Driven Test\\20210831_092545\\execution0.log"/>
         <property name="attachments" value=""/>
         <property name="hostName" value="admin - DESKTOP-53OG93O"/>
         <property name="os" value="Windows 10 64bit"/>
         <property name="katalonVersion" value="8.1.0.208"/>
         <property name="browser" value="Chrome 92.0.4515.159"/>
         <property name="hostAddress" value="192.168.1.6"/>
         <property name="sessionId" value="e163345ed23dbe4cb5efb845b0a0d201"/>
         <property name="seleniumVersion" value="3.141.59"/>
         <property name="proxyInformation" value="ProxyInformation { proxyOption=NO_PROXY, proxyServerType=HTTP, username=, password=********, proxyServerAddress=, proxyServerPort=0, executionList=&quot;&quot;, isApplyToDesiredCapabilities=true }"/>
         <property name="platform" value="Windows 10"/>
      </properties>
      <testcase name="Test Cases/Login/TC02 - login_renterdash_datadriven" time="36.382" classname="Test Cases/Login/TC02 - login_renterdash_datadriven" status="PASSED">
         <system-out><![CDATA[2021-08-31 09:25:59 - [TEST_CASE][PASSED] - Test Cases/Login/TC02 - login_renterdash_datadriven: Test Cases/Login/TC02 - login_renterdash_datadriven

2021-08-31 09:25:59 - [TEST_STEP][PASSED] - Start listener action : sampleBeforeTestCase: null

2021-08-31 09:25:59 - [TEST_STEP][PASSED] - println(testCaseContext.getTestCaseId()): null

2021-08-31 09:25:59 - [TEST_STEP][PASSED] - println(testCaseContext.getTestCaseVariables()): null

2021-08-31 09:26:00 - [TEST_STEP][PASSED] - openBrowser(""): Browser is opened with url: ''

2021-08-31 09:26:01 - [MESSAGE][INFO] - Starting 'Chrome' driver

2021-08-31 09:26:01 - [MESSAGE][INFO] - Action delay is set to 0 milliseconds

2021-08-31 09:26:04 - [MESSAGE][PASSED] - Browser is opened with url: ''

2021-08-31 09:26:04 - [TEST_STEP][PASSED] - navigateToUrl(URL): Navigate to 'https://renterdashboard.jam.cerberuslink.net/login' successfully

2021-08-31 09:26:08 - [MESSAGE][PASSED] - Navigate to 'https://renterdashboard.jam.cerberuslink.net/login' successfully

2021-08-31 09:26:08 - [TEST_STEP][PASSED] - setText(findTestObject("Object Repository/Login_TestObjects/Page_Poplar Homes/input__email"), email): Text 'jerrold+herthacohn322@poplarhomes.com' is set on object 'Object Repository/Login_TestObjects/Page_Poplar Homes/input__email'

2021-08-31 09:26:18 - [MESSAGE][PASSED] - Text 'jerrold+herthacohn322@poplarhomes.com' is set on object 'Object Repository/Login_TestObjects/Page_Poplar Homes/input__email'

2021-08-31 09:26:18 - [TEST_STEP][PASSED] - setText(findTestObject("Object Repository/Login_TestObjects/Page_Poplar Homes/input__password"), password): Text 'lov32test' is set on object 'Object Repository/Login_TestObjects/Page_Poplar Homes/input__password'

2021-08-31 09:26:19 - [MESSAGE][PASSED] - Text 'lov32test' is set on object 'Object Repository/Login_TestObjects/Page_Poplar Homes/input__password'

2021-08-31 09:26:19 - [TEST_STEP][PASSED] - click(findTestObject("Object Repository/Login_TestObjects/Page_Poplar Homes/button_Log in")): Object: 'Object Repository/Login_TestObjects/Page_Poplar Homes/button_Log in' is clicked on

2021-08-31 09:26:19 - [MESSAGE][PASSED] - Object: 'Object Repository/Login_TestObjects/Page_Poplar Homes/button_Log in' is clicked on

2021-08-31 09:26:19 - [TEST_STEP][PASSED] - delay(10, STOP_ON_FAILURE): Delayed 10 second(s)

2021-08-31 09:26:30 - [MESSAGE][PASSED] - Delayed 10 second(s)

2021-08-31 09:26:30 - [TEST_STEP][PASSED] - waitForElementVisible(findTestObject("Login_TestObjects/Page_Poplar Homes/div_General DetailsCompleted"), 10, STOP_ON_FAILURE): Object 'Object Repository/Login_TestObjects/Page_Poplar Homes/div_General DetailsCompleted' is visible

2021-08-31 09:26:35 - [MESSAGE][PASSED] - Object 'Object Repository/Login_TestObjects/Page_Poplar Homes/div_General DetailsCompleted' is visible

2021-08-31 09:26:35 - [TEST_STEP][PASSED] - Start listener action : sampleAfterTestCase: null

2021-08-31 09:26:35 - [TEST_STEP][PASSED] - println(testCaseContext.getTestCaseId()): null

2021-08-31 09:26:35 - [TEST_STEP][PASSED] - println(testCaseContext.getTestCaseStatus()): null]]></system-out>
         <system-err><![CDATA[]]></system-err>
      </testcase>
      <testcase name="Test Cases/Login/TC02 - login_renterdash_datadriven" time="31.199" classname="Test Cases/Login/TC02 - login_renterdash_datadriven" status="PASSED">
         <system-out><![CDATA[2021-08-31 09:26:36 - [TEST_CASE][PASSED] - Test Cases/Login/TC02 - login_renterdash_datadriven: Test Cases/Login/TC02 - login_renterdash_datadriven

2021-08-31 09:26:36 - [TEST_STEP][PASSED] - Start listener action : sampleBeforeTestCase: null

2021-08-31 09:26:36 - [TEST_STEP][PASSED] - println(testCaseContext.getTestCaseId()): null

2021-08-31 09:26:36 - [TEST_STEP][PASSED] - println(testCaseContext.getTestCaseVariables()): null

2021-08-31 09:26:36 - [TEST_STEP][PASSED] - openBrowser(""): Browser is opened with url: ''

2021-08-31 09:26:36 - [MESSAGE][WARNING] - A browser is already opened. Closing browser and opening a new one

2021-08-31 09:26:36 - [MESSAGE][INFO] - Starting 'Chrome' driver

2021-08-31 09:26:36 - [MESSAGE][INFO] - Action delay is set to 0 milliseconds

2021-08-31 09:26:38 - [MESSAGE][PASSED] - Browser is opened with url: ''

2021-08-31 09:26:38 - [TEST_STEP][PASSED] - navigateToUrl(URL): Navigate to 'https://renterdashboard.jam.cerberuslink.net/login' successfully

2021-08-31 09:26:41 - [MESSAGE][PASSED] - Navigate to 'https://renterdashboard.jam.cerberuslink.net/login' successfully

2021-08-31 09:26:41 - [TEST_STEP][PASSED] - setText(findTestObject("Object Repository/Login_TestObjects/Page_Poplar Homes/input__email"), email): Text 'jerrold+emartin322332@onerent.co' is set on object 'Object Repository/Login_TestObjects/Page_Poplar Homes/input__email'

2021-08-31 09:26:51 - [MESSAGE][PASSED] - Text 'jerrold+emartin322332@onerent.co' is set on object 'Object Repository/Login_TestObjects/Page_Poplar Homes/input__email'

2021-08-31 09:26:51 - [TEST_STEP][PASSED] - setText(findTestObject("Object Repository/Login_TestObjects/Page_Poplar Homes/input__password"), password): Text 'lov32test' is set on object 'Object Repository/Login_TestObjects/Page_Poplar Homes/input__password'

2021-08-31 09:26:52 - [MESSAGE][PASSED] - Text 'lov32test' is set on object 'Object Repository/Login_TestObjects/Page_Poplar Homes/input__password'

2021-08-31 09:26:52 - [TEST_STEP][PASSED] - click(findTestObject("Object Repository/Login_TestObjects/Page_Poplar Homes/button_Log in")): Object: 'Object Repository/Login_TestObjects/Page_Poplar Homes/button_Log in' is clicked on

2021-08-31 09:26:53 - [MESSAGE][PASSED] - Object: 'Object Repository/Login_TestObjects/Page_Poplar Homes/button_Log in' is clicked on

2021-08-31 09:26:53 - [TEST_STEP][PASSED] - delay(10, STOP_ON_FAILURE): Delayed 10 second(s)

2021-08-31 09:27:03 - [MESSAGE][PASSED] - Delayed 10 second(s)

2021-08-31 09:27:03 - [TEST_STEP][PASSED] - waitForElementVisible(findTestObject("Login_TestObjects/Page_Poplar Homes/div_General DetailsCompleted"), 10, STOP_ON_FAILURE): Object 'Object Repository/Login_TestObjects/Page_Poplar Homes/div_General DetailsCompleted' is visible

2021-08-31 09:27:07 - [MESSAGE][PASSED] - Object 'Object Repository/Login_TestObjects/Page_Poplar Homes/div_General DetailsCompleted' is visible

2021-08-31 09:27:07 - [TEST_STEP][PASSED] - Start listener action : sampleAfterTestCase: null

2021-08-31 09:27:07 - [TEST_STEP][PASSED] - println(testCaseContext.getTestCaseId()): null

2021-08-31 09:27:07 - [TEST_STEP][PASSED] - println(testCaseContext.getTestCaseStatus()): null]]></system-out>
         <system-err><![CDATA[]]></system-err>
      </testcase>
      <testcase name="Test Cases/Login/TC02 - login_renterdash_datadriven" time="31.854" classname="Test Cases/Login/TC02 - login_renterdash_datadriven" status="PASSED">
         <system-out><![CDATA[2021-08-31 09:27:07 - [TEST_CASE][PASSED] - Test Cases/Login/TC02 - login_renterdash_datadriven: Test Cases/Login/TC02 - login_renterdash_datadriven

2021-08-31 09:27:07 - [TEST_STEP][PASSED] - Start listener action : sampleBeforeTestCase: null

2021-08-31 09:27:07 - [TEST_STEP][PASSED] - println(testCaseContext.getTestCaseId()): null

2021-08-31 09:27:07 - [TEST_STEP][PASSED] - println(testCaseContext.getTestCaseVariables()): null

2021-08-31 09:27:07 - [TEST_STEP][PASSED] - openBrowser(""): Browser is opened with url: ''

2021-08-31 09:27:07 - [MESSAGE][WARNING] - A browser is already opened. Closing browser and opening a new one

2021-08-31 09:27:08 - [MESSAGE][INFO] - Starting 'Chrome' driver

2021-08-31 09:27:08 - [MESSAGE][INFO] - Action delay is set to 0 milliseconds

2021-08-31 09:27:09 - [MESSAGE][PASSED] - Browser is opened with url: ''

2021-08-31 09:27:09 - [TEST_STEP][PASSED] - navigateToUrl(URL): Navigate to 'https://renterdashboard.jam.cerberuslink.net/login' successfully

2021-08-31 09:27:13 - [MESSAGE][PASSED] - Navigate to 'https://renterdashboard.jam.cerberuslink.net/login' successfully

2021-08-31 09:27:13 - [TEST_STEP][PASSED] - setText(findTestObject("Object Repository/Login_TestObjects/Page_Poplar Homes/input__email"), email): Text 'jerrold+rmatney3222@onerent.co' is set on object 'Object Repository/Login_TestObjects/Page_Poplar Homes/input__email'

2021-08-31 09:27:23 - [MESSAGE][PASSED] - Text 'jerrold+rmatney3222@onerent.co' is set on object 'Object Repository/Login_TestObjects/Page_Poplar Homes/input__email'

2021-08-31 09:27:23 - [TEST_STEP][PASSED] - setText(findTestObject("Object Repository/Login_TestObjects/Page_Poplar Homes/input__password"), password): Text 'lov32test' is set on object 'Object Repository/Login_TestObjects/Page_Poplar Homes/input__password'

2021-08-31 09:27:24 - [MESSAGE][PASSED] - Text 'lov32test' is set on object 'Object Repository/Login_TestObjects/Page_Poplar Homes/input__password'

2021-08-31 09:27:24 - [TEST_STEP][PASSED] - click(findTestObject("Object Repository/Login_TestObjects/Page_Poplar Homes/button_Log in")): Object: 'Object Repository/Login_TestObjects/Page_Poplar Homes/button_Log in' is clicked on

2021-08-31 09:27:24 - [MESSAGE][PASSED] - Object: 'Object Repository/Login_TestObjects/Page_Poplar Homes/button_Log in' is clicked on

2021-08-31 09:27:24 - [TEST_STEP][PASSED] - delay(10, STOP_ON_FAILURE): Delayed 10 second(s)

2021-08-31 09:27:35 - [MESSAGE][PASSED] - Delayed 10 second(s)

2021-08-31 09:27:35 - [TEST_STEP][PASSED] - waitForElementVisible(findTestObject("Login_TestObjects/Page_Poplar Homes/div_General DetailsCompleted"), 10, STOP_ON_FAILURE): Object 'Object Repository/Login_TestObjects/Page_Poplar Homes/div_General DetailsCompleted' is visible

2021-08-31 09:27:39 - [MESSAGE][PASSED] - Object 'Object Repository/Login_TestObjects/Page_Poplar Homes/div_General DetailsCompleted' is visible

2021-08-31 09:27:39 - [TEST_STEP][PASSED] - Start listener action : sampleAfterTestCase: null

2021-08-31 09:27:39 - [TEST_STEP][PASSED] - println(testCaseContext.getTestCaseId()): null

2021-08-31 09:27:39 - [TEST_STEP][PASSED] - println(testCaseContext.getTestCaseStatus()): null]]></system-out>
         <system-err><![CDATA[]]></system-err>
      </testcase>
      <testcase name="Test Cases/Login/TC02 - login_renterdash_datadriven" time="31.439" classname="Test Cases/Login/TC02 - login_renterdash_datadriven" status="PASSED">
         <system-out><![CDATA[2021-08-31 09:27:39 - [TEST_CASE][PASSED] - Test Cases/Login/TC02 - login_renterdash_datadriven: Test Cases/Login/TC02 - login_renterdash_datadriven

2021-08-31 09:27:39 - [TEST_STEP][PASSED] - Start listener action : sampleBeforeTestCase: null

2021-08-31 09:27:39 - [TEST_STEP][PASSED] - println(testCaseContext.getTestCaseId()): null

2021-08-31 09:27:39 - [TEST_STEP][PASSED] - println(testCaseContext.getTestCaseVariables()): null

2021-08-31 09:27:39 - [TEST_STEP][PASSED] - openBrowser(""): Browser is opened with url: ''

2021-08-31 09:27:39 - [MESSAGE][WARNING] - A browser is already opened. Closing browser and opening a new one

2021-08-31 09:27:40 - [MESSAGE][INFO] - Starting 'Chrome' driver

2021-08-31 09:27:40 - [MESSAGE][INFO] - Action delay is set to 0 milliseconds

2021-08-31 09:27:41 - [MESSAGE][PASSED] - Browser is opened with url: ''

2021-08-31 09:27:41 - [TEST_STEP][PASSED] - navigateToUrl(URL): Navigate to 'https://renterdashboard.jam.cerberuslink.net/login' successfully

2021-08-31 09:27:44 - [MESSAGE][PASSED] - Navigate to 'https://renterdashboard.jam.cerberuslink.net/login' successfully

2021-08-31 09:27:44 - [TEST_STEP][PASSED] - setText(findTestObject("Object Repository/Login_TestObjects/Page_Poplar Homes/input__email"), email): Text 'jerrold+vcaron433@onerent.co' is set on object 'Object Repository/Login_TestObjects/Page_Poplar Homes/input__email'

2021-08-31 09:27:55 - [MESSAGE][PASSED] - Text 'jerrold+vcaron433@onerent.co' is set on object 'Object Repository/Login_TestObjects/Page_Poplar Homes/input__email'

2021-08-31 09:27:55 - [TEST_STEP][PASSED] - setText(findTestObject("Object Repository/Login_TestObjects/Page_Poplar Homes/input__password"), password): Text 'lov32test' is set on object 'Object Repository/Login_TestObjects/Page_Poplar Homes/input__password'

2021-08-31 09:27:55 - [MESSAGE][PASSED] - Text 'lov32test' is set on object 'Object Repository/Login_TestObjects/Page_Poplar Homes/input__password'

2021-08-31 09:27:55 - [TEST_STEP][PASSED] - click(findTestObject("Object Repository/Login_TestObjects/Page_Poplar Homes/button_Log in")): Object: 'Object Repository/Login_TestObjects/Page_Poplar Homes/button_Log in' is clicked on

2021-08-31 09:27:56 - [MESSAGE][PASSED] - Object: 'Object Repository/Login_TestObjects/Page_Poplar Homes/button_Log in' is clicked on

2021-08-31 09:27:56 - [TEST_STEP][PASSED] - delay(10, STOP_ON_FAILURE): Delayed 10 second(s)

2021-08-31 09:28:06 - [MESSAGE][PASSED] - Delayed 10 second(s)

2021-08-31 09:28:06 - [TEST_STEP][PASSED] - waitForElementVisible(findTestObject("Login_TestObjects/Page_Poplar Homes/div_General DetailsCompleted"), 10, STOP_ON_FAILURE): Object 'Object Repository/Login_TestObjects/Page_Poplar Homes/div_General DetailsCompleted' is visible

2021-08-31 09:28:10 - [MESSAGE][PASSED] - Object 'Object Repository/Login_TestObjects/Page_Poplar Homes/div_General DetailsCompleted' is visible

2021-08-31 09:28:10 - [TEST_STEP][PASSED] - Start listener action : sampleAfterTestCase: null

2021-08-31 09:28:10 - [TEST_STEP][PASSED] - println(testCaseContext.getTestCaseId()): null

2021-08-31 09:28:10 - [TEST_STEP][PASSED] - println(testCaseContext.getTestCaseStatus()): null]]></system-out>
         <system-err><![CDATA[]]></system-err>
      </testcase>
      <system-out><![CDATA[2021-08-31 09:25:58 - [TEST_SUITE][PASSED] - Login - Data Driven Test: Test Cases/Login/TC02 - login_renterdash_datadriven]]></system-out>
      <system-err><![CDATA[]]></system-err>
   </testsuite>
</testsuites>
